<?xml version="1.0" encoding="UTF-8"?>
<testsuite name="cse.gradle.ScalableForMultiPlatformTest" tests="1" skipped="0" failures="0" errors="0" timestamp="2023-11-12T21:05:28" hostname="Matthews-MacBook-Pro.local" time="0.088">
  <properties/>
  <testcase name="fullCRUDTest()" classname="cse.gradle.ScalableForMultiPlatformTest" time="0.088"/>
  <system-out><![CDATA[Server started at localhost:8100
Server started before running tests.
Received JSON data: {"ingredients":"potatoes","instructions":"boil the potatoes","category":"brunch","name":"boiled potatoes","id":"190d2a27-2597-4da2-8caa-c5b9e49251ef"}
Posted entry: potatoes,boil the potatoes,brunch,boiled potatoes,190d2a27-2597-4da2-8caa-c5b9e49251ef
Queried for 190d2a27-2597-4da2-8caa-c5b9e49251ef and found potatoes,boil the potatoes,brunch,boiled potatoes,190d2a27-2597-4da2-8caa-c5b9e49251ef
Received JSON data for PUT request: {"ingredients":"potatoes","instructions":"boil the potatoes","category":"brunch","name":"mashed potatoes","id":"190d2a27-2597-4da2-8caa-c5b9e49251ef"}
Updated entry for id 190d2a27-2597-4da2-8caa-c5b9e49251ef. New recipe: potatoes,boil the potatoes,brunch,mashed potatoes,190d2a27-2597-4da2-8caa-c5b9e49251ef
Queried for 190d2a27-2597-4da2-8caa-c5b9e49251ef and found potatoes,boil the potatoes,brunch,mashed potatoes,190d2a27-2597-4da2-8caa-c5b9e49251ef
Deleted entry for id 190d2a27-2597-4da2-8caa-c5b9e49251ef
]]></system-out>
  <system-err><![CDATA[]]></system-err>
</testsuite>
