<?xml version="1.0" encoding="UTF-8"?>
<testsuite name="cse.gradle.ViewListOfRecipiesTest" tests="1" skipped="0" failures="0" errors="0" timestamp="2023-11-12T21:05:28" hostname="Matthews-MacBook-Pro.local" time="0.0">
  <properties/>
  <testcase name="getRecipeName()" classname="cse.gradle.ViewListOfRecipiesTest" time="0.0"/>
  <system-out><![CDATA[]]></system-out>
  <system-err><![CDATA[]]></system-err>
</testsuite>
